<?xml version="1.0" encoding="utf-8"?><testsuites name="pytest tests"><testsuite name="pytest" errors="0" failures="0" skipped="0" tests="13" time="4.574" timestamp="2026-07-14T22:25:41.468500+00:00" hostname="agent-env-7104cff6-92f0-4638-a85a-4d12f41f9e2b"><testcase classname="backend.tests.test_new_features.TestTerminal" name="test_echo" time="0.310" /><testcase classname="backend.tests.test_new_features.TestTerminal" name="test_pwd_is_session_tempdir" time="0.071" /><testcase classname="backend.tests.test_new_features.TestTerminal" name="test_session_persists_files" time="0.119" /><testcase classname="backend.tests.test_new_features.TestTerminal" name="test_empty_command" time="0.069" /><testcase classname="backend.tests.test_new_features.TestTerminal" name="test_dangerous_command_blocked" time="0.058" /><testcase classname="backend.tests.test_new_features.TestTerminal" name="test_reset_clears_session" time="0.144" /><testcase classname="backend.tests.test_new_features.TestGithubImport" name="test_import_hello_world" time="3.255" /><testcase classname="backend.tests.test_new_features.TestGithubImport" name="test_invalid_url" time="0.042" /><testcase classname="backend.tests.test_new_features.TestFormat" name="test_python_black" time="0.093" /><testcase classname="backend.tests.test_new_features.TestFormat" name="test_javascript_prettier" time="0.149" /><testcase classname="backend.tests.test_new_features.TestFormat" name="test_unknown_language_no_crash" time="0.046" /><testcase classname="backend.tests.test_new_features.TestRegression" name="test_run_python_still_works" time="0.053" /><testcase classname="backend.tests.test_new_features.TestRegression" name="test_backup_still_works" time="0.098" /></testsuite></testsuites>