<?xml version="1.0" encoding="utf-8"?><testsuites name="pytest tests"><testsuite name="pytest" errors="0" failures="0" skipped="0" tests="11" time="11.088" timestamp="2026-07-14T22:06:08.206626+00:00" hostname="agent-env-7104cff6-92f0-4638-a85a-4d12f41f9e2b"><testcase classname="backend.tests.test_code_editor_api.TestHealth" name="test_root_ok" time="0.233" /><testcase classname="backend.tests.test_code_editor_api.TestLanguages" name="test_languages_list" time="0.045" /><testcase classname="backend.tests.test_code_editor_api.TestRunPython" name="test_python_stdout" time="0.056" /><testcase classname="backend.tests.test_code_editor_api.TestRunPython" name="test_python_multi_line" time="0.057" /><testcase classname="backend.tests.test_code_editor_api.TestRunPython" name="test_python_runtime_error" time="0.065" /><testcase classname="backend.tests.test_code_editor_api.TestRunPython" name="test_python_timeout" time="10.080" /><testcase classname="backend.tests.test_code_editor_api.TestRunJavaScript" name="test_js_stdout" time="0.089" /><testcase classname="backend.tests.test_code_editor_api.TestRunJavaScript" name="test_js_alias_node" time="0.078" /><testcase classname="backend.tests.test_code_editor_api.TestRunErrors" name="test_unsupported_language" time="0.125" /><testcase classname="backend.tests.test_code_editor_api.TestBackup" name="test_create_and_fetch" time="0.106" /><testcase classname="backend.tests.test_code_editor_api.TestBackup" name="test_upsert_replaces" time="0.092" /></testsuite></testsuites>